********************************************************************************
product = WebSphere Application Server 8.5.5.4 (wlp-1.0.7.cl50420141211-1039)
wlp.install.dir = C:/Users/SangiSaran/Downloads/eclipse-jee-mars-2-win32-x86_64/eclipse/configuration/org.eclipse.osgi/1131/0/.cp/resources/server_runtime/
server.config.dir = C:/Users/SangiSaran/workspace/Java/Sample/.metadata/.plugins/com.ibm.etools.wdt.server.core/tmp0/usr/servers/defaultServer0/
java.home = C:\Program Files\Java\jre1.8.0_92
java.version = 1.8.0_92
java.runtime = Java(TM) SE Runtime Environment (1.8.0_92-b14)
os = Windows 10 (10.0; amd64) (en_US)
process = 7740@EnKanini
********************************************************************************
[10/16/16 16:49:18:578 EDT] 00000001 com.ibm.ws.kernel.launch.internal.FrameworkManager           A CWWKE0001I: The server defaultServer0 has been launched.
[10/16/16 16:49:19:531 EDT] 00000001 com.ibm.ws.kernel.launch.internal.FrameworkManager           I CWWKE0002I: The kernel started after 1.264 seconds
[10/16/16 16:49:19:675 EDT] 00000018 com.ibm.ws.kernel.feature.internal.FeatureManager            I CWWKF0007I: Feature update started.
[10/16/16 16:49:20:795 EDT] 00000010 com.ibm.ws.app.manager.internal.monitor.DropinMonitor        A CWWKZ0058I: Monitoring dropins for applications. 
[10/16/16 16:49:20:914 EDT] 0000001a com.ibm.ws.tcpchannel.internal.TCPChannel                    I CWWKO0219I: TCP Channel defaultHttpEndpoint has been started and is now listening for requests on host *  (IPv6) port 8080.
[10/16/16 16:49:21:269 EDT] 00000021 com.ibm.ws.app.manager.AppMessageHelper                      I CWWKZ0018I: Starting application proxy.
[10/16/16 16:49:21:269 EDT] 00000022 com.ibm.ws.app.manager.AppMessageHelper                      I CWWKZ0018I: Starting application sample.
[10/16/16 16:49:21:526 EDT] 00000022 com.ibm.ws.webcontainer.osgi.webapp.WebGroup                 I SRVE0169I: Loading Web Module: Hello, World Application.
[10/16/16 16:49:21:528 EDT] 00000022 com.ibm.ws.webcontainer                                      I SRVE0250I: Web Module Hello, World Application has been bound to default_host.
[10/16/16 16:49:21:529 EDT] 00000022 com.ibm.ws.http.internal.VirtualHostImpl                     A CWWKT0016I: Web application available (default_host): http://enkanini:8080/sample/
[10/16/16 16:49:21:533 EDT] 00000022 com.ibm.ws.app.manager.AppMessageHelper                      A CWWKZ0001I: Application sample started in 0.264 seconds.
[10/16/16 16:49:21:695 EDT] 00000021 com.ibm.ws.webcontainer.osgi.webapp.WebGroup                 I SRVE0169I: Loading Web Module: Ajax Proxy for IBM WebSphere.
[10/16/16 16:49:21:696 EDT] 00000021 com.ibm.ws.webcontainer                                      I SRVE0250I: Web Module Ajax Proxy for IBM WebSphere has been bound to default_host.
[10/16/16 16:49:21:696 EDT] 00000021 com.ibm.ws.http.internal.VirtualHostImpl                     A CWWKT0016I: Web application available (default_host): http://enkanini:8080/proxy/
[10/16/16 16:49:21:697 EDT] 00000021 com.ibm.ws.app.manager.AppMessageHelper                      A CWWKZ0001I: Application proxy started in 0.428 seconds.
[10/16/16 16:49:21:721 EDT] 00000018 com.ibm.ws.kernel.feature.internal.FeatureManager            A CWWKF0012I: The server installed the following features: [servlet-3.0, jsp-2.2, json-1.0, localConnector-1.0, jaxrs-1.1].
[10/16/16 16:49:21:721 EDT] 00000018 com.ibm.ws.kernel.feature.internal.FeatureManager            I CWWKF0008I: Feature update completed in 2.191 seconds.
[10/16/16 16:49:21:721 EDT] 00000018 com.ibm.ws.kernel.feature.internal.FeatureManager            A CWWKF0011I: The server defaultServer0 is ready to run a smarter planet.
[10/16/16 16:49:53:276 EDT] 00000024 com.ibm.ws.session.WASSessionCore                            I SESN8501I: The session manager did not find a persistent storage location; HttpSession objects will be stored in the local application server's memory.
[10/16/16 16:49:53:284 EDT] 00000024 com.ibm.ws.session.WASSessionCore                            I SESN0176I: A new session context will be created for application key default_host/sample
[10/16/16 16:49:53:310 EDT] 00000024 com.ibm.ws.util                                              I SESN0172I: The session manager is using the Java default SecureRandom implementation for session ID generation.
